<?xml version="1.0" encoding="UTF-8"?>
<!-- Generated by org.testng.reporters.JUnitReportReporter -->
<testsuite skipped="0" hostname="admin-PC" name="com.scripts.MavenGitHub.TestSample" tests="3" failures="0" timestamp="31 May 2020 18:45:05 GMT" time="0.022" errors="0">
  <testcase name="c" time="0.003" classname="com.scripts.MavenGitHub.TestSample"/>
  <testcase name="a" time="0.016" classname="com.scripts.MavenGitHub.TestSample"/>
  <testcase name="b" time="0.003" classname="com.scripts.MavenGitHub.TestSample"/>
</testsuite> <!-- com.scripts.MavenGitHub.TestSample -->
